This is e-upTeX, Version 3.14159265-p3.7-u1.21-160201-2.6 (utf8.uptex) (TeX Live 2016) (preloaded format=uplatex 2016.12.26)  4 JAN 2017 21:05
entering extended mode
 restricted \write18 enabled.
 %&-line parsing enabled.
**main_PC.tex
(./main_PC.tex
pLaTeX2e <2016/11/29u01> (based on LaTeX2e <2016/03/31> patch level 3)
Babel <3.9r> and hyphenation patterns for 22 language(s) loaded.
(/usr/local/texlive/2016basic/texmf-dist/tex/latex/base/article.cls
Document Class: article 2014/09/29 v1.4h Standard LaTeX document class
(/usr/local/texlive/2016basic/texmf-dist/tex/latex/base/size10.clo
File: size10.clo 2014/09/29 v1.4h Standard LaTeX file (size option)
LaTeX Font Info:    Font shape `JT2/mc/m/n' will be
(Font)              scaled to size 9.6222pt on input line 54.
LaTeX Font Info:    Font shape `JY2/mc/m/n' will be
(Font)              scaled to size 9.6222pt on input line 54.
)
\c@part=\count82
\c@section=\count83
\c@subsection=\count84
\c@subsubsection=\count85
\c@paragraph=\count86
\c@subparagraph=\count87
\c@figure=\count88
\c@table=\count89
\abovecaptionskip=\skip41
\belowcaptionskip=\skip42
\bibindent=\dimen118
)
(/usr/local/texlive/2016basic/texmf-dist/tex/latex/amsmath/amsmath.sty
Package: amsmath 2016/06/28 v2.15d AMS math features
\@mathmargin=\skip43

For additional information on amsmath, use the `?' option.
(/usr/local/texlive/2016basic/texmf-dist/tex/latex/amsmath/amstext.sty
Package: amstext 2000/06/29 v2.01 AMS text

(/usr/local/texlive/2016basic/texmf-dist/tex/latex/amsmath/amsgen.sty
File: amsgen.sty 1999/11/30 v2.0 generic functions
\@emptytoks=\toks15
\ex@=\dimen119
))
(/usr/local/texlive/2016basic/texmf-dist/tex/latex/amsmath/amsbsy.sty
Package: amsbsy 1999/11/29 v1.2d Bold Symbols
\pmbraise@=\dimen120
)
(/usr/local/texlive/2016basic/texmf-dist/tex/latex/amsmath/amsopn.sty
Package: amsopn 2016/03/08 v2.02 operator names
)
\inf@bad=\count90
LaTeX Info: Redefining \frac on input line 199.
\uproot@=\count91
\leftroot@=\count92
LaTeX Info: Redefining \overline on input line 297.
\classnum@=\count93
\DOTSCASE@=\count94
LaTeX Info: Redefining \ldots on input line 394.
LaTeX Info: Redefining \dots on input line 397.
LaTeX Info: Redefining \cdots on input line 518.
\Mathstrutbox@=\box41
\strutbox@=\box42
\big@size=\dimen121
LaTeX Font Info:    Redeclaring font encoding OML on input line 634.
LaTeX Font Info:    Redeclaring font encoding OMS on input line 635.
\macc@depth=\count95
\c@MaxMatrixCols=\count96
\dotsspace@=\muskip10
\c@parentequation=\count97
\dspbrk@lvl=\count98
\tag@help=\toks16
\row@=\count99
\column@=\count100
\maxfields@=\count101
\andhelp@=\toks17
\eqnshift@=\dimen122
\alignsep@=\dimen123
\tagshift@=\dimen124
\tagwidth@=\dimen125
\totwidth@=\dimen126
\lineht@=\dimen127
\@envbody=\toks18
\multlinegap=\skip44
\multlinetaggap=\skip45
\mathdisplay@stack=\toks19
LaTeX Info: Redefining \[ on input line 2739.
LaTeX Info: Redefining \] on input line 2740.
)
(./main_PC.aux (./00_introduction/main_introduction.aux))
\openout1 = `main_PC.aux'.

LaTeX Font Info:    Checking defaults for OML/cmm/m/it on input line 14.
LaTeX Font Info:    ... okay on input line 14.
LaTeX Font Info:    Checking defaults for T1/cmr/m/n on input line 14.
LaTeX Font Info:    ... okay on input line 14.
LaTeX Font Info:    Checking defaults for OT1/cmr/m/n on input line 14.
LaTeX Font Info:    ... okay on input line 14.
LaTeX Font Info:    Checking defaults for OMS/cmsy/m/n on input line 14.
LaTeX Font Info:    ... okay on input line 14.
LaTeX Font Info:    Checking defaults for OMX/cmex/m/n on input line 14.
LaTeX Font Info:    ... okay on input line 14.
LaTeX Font Info:    Checking defaults for U/cmr/m/n on input line 14.
LaTeX Font Info:    ... okay on input line 14.
LaTeX Font Info:    Checking defaults for JY2/mc/m/n on input line 14.
LaTeX Font Info:    ... okay on input line 14.
LaTeX Font Info:    Checking defaults for JT2/mc/m/n on input line 14.
LaTeX Font Info:    ... okay on input line 14.
LaTeX Font Info:    Font shape `JT2/mc/m/n' will be
(Font)              scaled to size 16.62714pt on input line 17.
LaTeX Font Info:    Font shape `JY2/mc/m/n' will be
(Font)              scaled to size 16.62714pt on input line 17.
LaTeX Font Info:    Font shape `JT2/mc/m/n' will be
(Font)              scaled to size 11.54663pt on input line 17.
LaTeX Font Info:    Font shape `JY2/mc/m/n' will be
(Font)              scaled to size 11.54663pt on input line 17.


LaTeX Warning: No \author given.

[1

]
\openout2 = `./00_introduction/main_introduction.aux'.

 (./00_introduction/main_introduction.tex
LaTeX Font Info:    Font shape `JT2/mc/m/n' will be
(Font)              scaled to size 13.85594pt on input line 27.
LaTeX Font Info:    Font shape `JY2/mc/m/n' will be
(Font)              scaled to size 13.85594pt on input line 27.
LaTeX Font Info:    Font shape `JT2/mc/bx/n' in size <14.4> not available
(Font)              Font shape `JT2/gt/m/n' tried instead on input line 27.
LaTeX Font Info:    Font shape `JT2/gt/m/n' will be
(Font)              scaled to size 13.85594pt on input line 27.
LaTeX Font Info:    Font shape `JY2/mc/bx/n' in size <14.4> not available
(Font)              Font shape `JY2/gt/m/n' tried instead on input line 27.
LaTeX Font Info:    Font shape `JY2/gt/m/n' will be
(Font)              scaled to size 13.85594pt on input line 27.
LaTeX Font Info:    Font shape `JT2/mc/bx/n' in size <12> not available
(Font)              Font shape `JT2/gt/m/n' tried instead on input line 28.
LaTeX Font Info:    Font shape `JT2/gt/m/n' will be
(Font)              scaled to size 11.54663pt on input line 28.
LaTeX Font Info:    Font shape `JY2/mc/bx/n' in size <12> not available
(Font)              Font shape `JY2/gt/m/n' tried instead on input line 28.
LaTeX Font Info:    Font shape `JY2/gt/m/n' will be
(Font)              scaled to size 11.54663pt on input line 28.
LaTeX Font Info:    Try loading font information for OMS+cmr on input line 49.

(/usr/local/texlive/2016basic/texmf-dist/tex/latex/base/omscmr.fd
File: omscmr.fd 2014/09/29 v2.5h Standard LaTeX font definitions
)
LaTeX Font Info:    Font shape `OMS/cmr/m/n' in size <10> not available
(Font)              Font shape `OMS/cmsy/m/n' tried instead on input line 49.
) [2

]
(./main_PC.aux (./00_introduction/main_introduction.aux)) ) 
Here is how much of TeX's memory you used:
 873 strings out of 494895
 10165 string characters out of 6175900
 66236 words of memory out of 5000000
 4409 multiletter control sequences out of 15000+600000
 11863 words of font info for 55 fonts, out of 8000000 for 9000
 107 hyphenation exceptions out of 8191
 27i,6n,21p,259b,229s stack positions out of 5000i,500n,10000p,200000b,80000s

Output written on main_PC.dvi (2 pages, 2704 bytes).
